0 info it worked if it ends with ok
1 verbose cli [ '/usr/local/bin/node',
1 verbose cli   '/usr/local/bin/npm',
1 verbose cli   'run',
1 verbose cli   'watch:css' ]
2 info using npm@3.8.6
3 info using node@v6.1.0
4 verbose run-script [ 'prewatch:css', 'watch:css', 'postwatch:css' ]
5 info lifecycle project-scaffold@1.0.0~prewatch:css: project-scaffold@1.0.0
6 silly lifecycle project-scaffold@1.0.0~prewatch:css: no script for prewatch:css, continuing
7 info lifecycle project-scaffold@1.0.0~watch:css: project-scaffold@1.0.0
8 verbose lifecycle project-scaffold@1.0.0~watch:css: unsafe-perm in lifecycle true
9 verbose lifecycle project-scaffold@1.0.0~watch:css: PATH: /usr/local/lib/node_modules/npm/bin/node-gyp-bin:/Users/bollingball/Projects/project-scaffold/node_modules/.bin:/usr/local/bin:/usr/local/bin:/usr/bin:/bin:/usr/sbin:/sbin
10 verbose lifecycle project-scaffold@1.0.0~watch:css: CWD: /Users/bollingball/Projects/project-scaffold
11 silly lifecycle project-scaffold@1.0.0~watch:css: Args: [ '-c', 'sass --watch scr/scss:build' ]
12 silly lifecycle project-scaffold@1.0.0~watch:css: Returned: code: 1  signal: null
13 info lifecycle project-scaffold@1.0.0~watch:css: Failed to exec watch:css script
14 verbose stack Error: project-scaffold@1.0.0 watch:css: `sass --watch scr/scss:build`
14 verbose stack Exit status 1
14 verbose stack     at EventEmitter.<anonymous> (/usr/local/lib/node_modules/npm/lib/utils/lifecycle.js:239:16)
14 verbose stack     at emitTwo (events.js:106:13)
14 verbose stack     at EventEmitter.emit (events.js:191:7)
14 verbose stack     at ChildProcess.<anonymous> (/usr/local/lib/node_modules/npm/lib/utils/spawn.js:24:14)
14 verbose stack     at emitTwo (events.js:106:13)
14 verbose stack     at ChildProcess.emit (events.js:191:7)
14 verbose stack     at maybeClose (internal/child_process.js:850:16)
14 verbose stack     at Process.ChildProcess._handle.onexit (internal/child_process.js:215:5)
15 verbose pkgid project-scaffold@1.0.0
16 verbose cwd /Users/bollingball/Projects/project-scaffold
17 error Darwin 15.5.0
18 error argv "/usr/local/bin/node" "/usr/local/bin/npm" "run" "watch:css"
19 error node v6.1.0
20 error npm  v3.8.6
21 error code ELIFECYCLE
22 error project-scaffold@1.0.0 watch:css: `sass --watch scr/scss:build`
22 error Exit status 1
23 error Failed at the project-scaffold@1.0.0 watch:css script 'sass --watch scr/scss:build'.
23 error Make sure you have the latest version of node.js and npm installed.
23 error If you do, this is most likely a problem with the project-scaffold package,
23 error not with npm itself.
23 error Tell the author that this fails on your system:
23 error     sass --watch scr/scss:build
23 error You can get information on how to open an issue for this project with:
23 error     npm bugs project-scaffold
23 error Or if that isn't available, you can get their info via:
23 error     npm owner ls project-scaffold
23 error There is likely additional logging output above.
24 verbose exit [ 1, true ]
